# JRE version: OpenJDK Runtime Environment (8.0_212) (build 1.8.0_212-release-1586-b4-5784211)
# Java VM: OpenJDK 64-Bit Server VM (25.212-b4-5784211 mixed mode linux-amd64 compressed oops)
Heap:
 PSYoungGen      total 209920K, used 155568K [0x00000000e0000000, 0x00000000edc80000, 0x0000000100000000)
  eden space 193536K, 80% used [0x00000000e0000000,0x00000000e97ec128,0x00000000ebd00000)
  from space 16384K, 0% used [0x00000000ecc80000,0x00000000ecc80000,0x00000000edc80000)
  to   space 15872K, 0% used [0x00000000ebd00000,0x00000000ebd00000,0x00000000ecc80000)
 ParOldGen       total 103424K, used 17182K [0x00000000a0000000, 0x00000000a6500000, 0x00000000e0000000)
  object space 103424K, 16% used [0x00000000a0000000,0x00000000a10c7ba8,0x00000000a6500000)
 Metaspace       used 50255K, capacity 51700K, committed 51880K, reserved 1093632K
  class space    used 6835K, capacity 7215K, committed 7336K, reserved 1048576K
GC Heap History (10 events):
Event: 4.990 GC heap before
{Heap before GC invocations=4 (full 0):
 PSYoungGen      total 68608K, used 66249K [0x00000000e0000000, 0x00000000e8600000, 0x0000000100000000)
  eden space 63488K, 96% used [0x00000000e0000000,0x00000000e3bb6650,0x00000000e3e00000)
  from space 5120K, 99% used [0x00000000e3e00000,0x00000000e42fc030,0x00000000e4300000)
  to   space 5120K, 0% used [0x00000000e8100000,0x00000000e8100000,0x00000000e8600000)
 ParOldGen       total 84992K, used 4385K [0x00000000a0000000, 0x00000000a5300000, 0x00000000e0000000)
  object space 84992K, 5% used [0x00000000a0000000,0x00000000a0448550,0x00000000a5300000)
 Metaspace       used 20636K, capacity 21104K, committed 21296K, reserved 1067008K
  class space    used 2980K, capacity 3128K, committed 3200K, reserved 1048576K
Event: 5.022 GC heap after
Heap after GC invocations=4 (full 0):
 PSYoungGen      total 132096K, used 5112K [0x00000000e0000000, 0x00000000e8600000, 0x0000000100000000)
  eden space 126976K, 0% used [0x00000000e0000000,0x00000000e0000000,0x00000000e7c00000)
  from space 5120K, 99% used [0x00000000e8100000,0x00000000e85fe0d8,0x00000000e8600000)
  to   space 5120K, 0% used [0x00000000e7c00000,0x00000000e7c00000,0x00000000e8100000)
 ParOldGen       total 84992K, used 12104K [0x00000000a0000000, 0x00000000a5300000, 0x00000000e0000000)
  object space 84992K, 14% used [0x00000000a0000000,0x00000000a0bd2050,0x00000000a5300000)
 Metaspace       used 20636K, capacity 21104K, committed 21296K, reserved 1067008K
  class space    used 2980K, capacity 3128K, committed 3200K, reserved 1048576K
}
Event: 5.022 GC heap before
{Heap before GC invocations=5 (full 1):
 PSYoungGen      total 132096K, used 5112K [0x00000000e0000000, 0x00000000e8600000, 0x0000000100000000)
  eden space 126976K, 0% used [0x00000000e0000000,0x00000000e0000000,0x00000000e7c00000)
  from space 5120K, 99% used [0x00000000e8100000,0x00000000e85fe0d8,0x00000000e8600000)
  to   space 5120K, 0% used [0x00000000e7c00000,0x00000000e7c00000,0x00000000e8100000)
 ParOldGen       total 84992K, used 12104K [0x00000000a0000000, 0x00000000a5300000, 0x00000000e0000000)
  object space 84992K, 14% used [0x00000000a0000000,0x00000000a0bd2050,0x00000000a5300000)
 Metaspace       used 20636K, capacity 21104K, committed 21296K, reserved 1067008K
  class space    used 2980K, capacity 3128K, committed 3200K, reserved 1048576K
Event: 5.105 GC heap after
Heap after GC invocations=5 (full 1):
 PSYoungGen      total 132096K, used 0K [0x00000000e0000000, 0x00000000e8600000, 0x0000000100000000)
  eden space 126976K, 0% used [0x00000000e0000000,0x00000000e0000000,0x00000000e7c00000)
  from space 5120K, 0% used [0x00000000e8100000,0x00000000e8100000,0x00000000e8600000)
  to   space 5120K, 0% used [0x00000000e7c00000,0x00000000e7c00000,0x00000000e8100000)
 ParOldGen       total 68608K, used 12478K [0x00000000a0000000, 0x00000000a4300000, 0x00000000e0000000)
  object space 68608K, 18% used [0x00000000a0000000,0x00000000a0c2f878,0x00000000a4300000)
 Metaspace       used 20636K, capacity 21104K, committed 21296K, reserved 1067008K
  class space    used 2980K, capacity 3128K, committed 3200K, reserved 1048576K
}
Event: 7.896 GC heap before
{Heap before GC invocations=6 (full 1):
 PSYoungGen      total 132096K, used 126976K [0x00000000e0000000, 0x00000000e8600000, 0x0000000100000000)
  eden space 126976K, 100% used [0x00000000e0000000,0x00000000e7c00000,0x00000000e7c00000)
  from space 5120K, 0% used [0x00000000e8100000,0x00000000e8100000,0x00000000e8600000)
  to   space 5120K, 0% used [0x00000000e7c00000,0x00000000e7c00000,0x00000000e8100000)
 ParOldGen       total 68608K, used 12478K [0x00000000a0000000, 0x00000000a4300000, 0x00000000e0000000)
  object space 68608K, 18% used [0x00000000a0000000,0x00000000a0c2f878,0x00000000a4300000)
 Metaspace       used 31716K, capacity 32306K, committed 32512K, reserved 1077248K
  class space    used 4349K, capacity 4554K, committed 4608K, reserved 1048576K
Event: 7.940 GC heap after
Heap after GC invocations=6 (full 1):
 PSYoungGen      total 132096K, used 5120K [0x00000000e0000000, 0x00000000edc80000, 0x0000000100000000)
  eden space 126976K, 0% used [0x00000000e0000000,0x00000000e0000000,0x00000000e7c00000)
  from space 5120K, 100% used [0x00000000e7c00000,0x00000000e8100000,0x00000000e8100000)
  to   space 16384K, 0% used [0x00000000ecc80000,0x00000000ecc80000,0x00000000edc80000)
 ParOldGen       total 68608K, used 19470K [0x00000000a0000000, 0x00000000a4300000, 0x00000000e0000000)
  object space 68608K, 28% used [0x00000000a0000000,0x00000000a1303940,0x00000000a4300000)
 Metaspace       used 31716K, capacity 32306K, committed 32512K, reserved 1077248K
  class space    used 4349K, capacity 4554K, committed 4608K, reserved 1048576K
}
Event: 9.750 GC heap before
{Heap before GC invocations=7 (full 1):
 PSYoungGen      total 132096K, used 70386K [0x00000000e0000000, 0x00000000edc80000, 0x0000000100000000)
  eden space 126976K, 51% used [0x00000000e0000000,0x00000000e3fbc998,0x00000000e7c00000)
  from space 5120K, 100% used [0x00000000e7c00000,0x00000000e8100000,0x00000000e8100000)
  to   space 16384K, 0% used [0x00000000ecc80000,0x00000000ecc80000,0x00000000edc80000)
 ParOldGen       total 68608K, used 19470K [0x00000000a0000000, 0x00000000a4300000, 0x00000000e0000000)
  object space 68608K, 28% used [0x00000000a0000000,0x00000000a1303940,0x00000000a4300000)
 Metaspace       used 34574K, capacity 35470K, committed 35496K, reserved 1079296K
  class space    used 4759K, capacity 5006K, committed 5032K, reserved 1048576K
Event: 9.788 GC heap after
Heap after GC invocations=7 (full 1):
 PSYoungGen      total 209920K, used 10115K [0x00000000e0000000, 0x00000000edc80000, 0x0000000100000000)
  eden space 193536K, 0% used [0x00000000e0000000,0x00000000e0000000,0x00000000ebd00000)
  from space 16384K, 61% used [0x00000000ecc80000,0x00000000ed660d98,0x00000000edc80000)
  to   space 15872K, 0% used [0x00000000ebd00000,0x00000000ebd00000,0x00000000ecc80000)
 ParOldGen       total 68608K, used 19478K [0x00000000a0000000, 0x00000000a4300000, 0x00000000e0000000)
  object space 68608K, 28% used [0x00000000a0000000,0x00000000a1305940,0x00000000a4300000)
 Metaspace       used 34574K, capacity 35470K, committed 35496K, reserved 1079296K
  class space    used 4759K, capacity 5006K, committed 5032K, reserved 1048576K
}
Event: 9.788 GC heap before
{Heap before GC invocations=8 (full 2):
 PSYoungGen      total 209920K, used 10115K [0x00000000e0000000, 0x00000000edc80000, 0x0000000100000000)
  eden space 193536K, 0% used [0x00000000e0000000,0x00000000e0000000,0x00000000ebd00000)
  from space 16384K, 61% used [0x00000000ecc80000,0x00000000ed660d98,0x00000000edc80000)
  to   space 15872K, 0% used [0x00000000ebd00000,0x00000000ebd00000,0x00000000ecc80000)
 ParOldGen       total 68608K, used 19478K [0x00000000a0000000, 0x00000000a4300000, 0x00000000e0000000)
  object space 68608K, 28% used [0x00000000a0000000,0x00000000a1305940,0x00000000a4300000)
 Metaspace       used 34574K, capacity 35470K, committed 35496K, reserved 1079296K
  class space    used 4759K, capacity 5006K, committed 5032K, reserved 1048576K
Event: 9.974 GC heap after
Heap after GC invocations=8 (full 2):
 PSYoungGen      total 209920K, used 0K [0x00000000e0000000, 0x00000000edc80000, 0x0000000100000000)
  eden space 193536K, 0% used [0x00000000e0000000,0x00000000e0000000,0x00000000ebd00000)
  from space 16384K, 0% used [0x00000000ecc80000,0x00000000ecc80000,0x00000000edc80000)
  to   space 15872K, 0% used [0x00000000ebd00000,0x00000000ebd00000,0x00000000ecc80000)
 ParOldGen       total 103424K, used 17182K [0x00000000a0000000, 0x00000000a6500000, 0x00000000e0000000)
  object space 103424K, 16% used [0x00000000a0000000,0x00000000a10c7ba8,0x00000000a6500000)
 Metaspace       used 34569K, capacity 35452K, committed 35496K, reserved 1079296K
  class space    used 4757K, capacity 5003K, committed 5032K, reserved 1048576K
}

